<?xml version="1.0" encoding="UTF-8"?>
<!-- Generated by org.testng.reporters.JUnitReportReporter -->
<testsuite skipped="0" hostname="DESKTOP-LE79GGO" name="com.app.AppTest" tests="1" failures="0" timestamp="2022-07-04T20:21:12 IST" time="0.018" errors="0">
  <testcase name="testApp" time="0.018" classname="com.app.AppTest"/>
  <system-out/>
</testsuite> <!-- com.app.AppTest -->
